mode: set
functional/prey/tuna.go:8.40,10.2 1 1
functional/prey/tuna.go:12.35,14.2 1 1
functional/prey/tuna.go:16.24,18.2 1 1
functional/shark/white_shark.go:12.13,14.2 1 1
functional/shark/white_shark.go:25.68,28.2 2 1
functional/shark/white_shark.go:30.60,32.9 2 1
functional/shark/white_shark.go:35.2,35.37 1 1
functional/shark/white_shark.go:32.9,34.3 1 1
functional/shark/white_shark.go:38.65,42.2 1 1
functional/cmd/server/handler.go:15.61,17.2 1 1
functional/cmd/server/handler.go:21.52,31.36 3 1
functional/cmd/server/handler.go:31.36,33.53 2 1
functional/cmd/server/handler.go:37.3,38.55 2 1
functional/cmd/server/handler.go:33.53,36.4 2 1
functional/cmd/server/handler.go:44.51,52.36 3 1
functional/cmd/server/handler.go:52.36,54.53 2 1
functional/cmd/server/handler.go:58.3,59.55 2 1
functional/cmd/server/handler.go:54.53,57.4 2 1
functional/cmd/server/handler.go:65.50,72.36 2 1
functional/cmd/server/handler.go:72.36,74.17 2 1
functional/cmd/server/handler.go:78.3,78.67 1 1
functional/cmd/server/handler.go:74.17,77.4 2 1
functional/cmd/server/routers.go:10.62,12.2 1 0
functional/cmd/server/routers.go:14.30,20.2 4 0
functional/cmd/server/routers.go:22.30,24.2 1 0
functional/simulator/simulator.go:18.101,23.2 4 1
functional/simulator/simulator.go:25.73,32.2 6 1
functional/simulator/simulator.go:34.63,38.2 1 1
functional/cmd/main.go:11.13,24.34 8 0
functional/cmd/main.go:24.34,25.13 1 0
functional/tests/utils.go:14.33,30.2 10 1
functional/tests/utils.go:32.108,37.2 3 1
